Using pre-set license
Built from '2020.3/release' branch; Version is '2020.3.31f1 (6b54b7616050) revision 7034039'; Using compiler version '192528614'; Build Type 'Release'
OS: 'Windows 11  (10.0.22000) 64bit Core' Language: 'en' Physical Memory: 16266 MB
BatchMode: 1, IsHumanControllingUs: 0, StartBugReporterOnCrash: 0, Is64bit: 1, IsPro: 0

COMMAND LINE ARGUMENTS:
C:\Users\apple\OneDrive\Documents\Coding 2\2020.3.31f1\Editor\Unity.exe
-adb2
-batchMode
-noUpm
-name
AssetImportWorker0
-projectPath
C:/Users/apple/OneDrive/Documents/Coding 2/CSC250_Spring2022_Projects/My project (1)
-logFile
Logs/AssetImportWorker0.log
-srvPort
58022
Successfully changed project path to: C:/Users/apple/OneDrive/Documents/Coding 2/CSC250_Spring2022_Projects/My project (1)
C:/Users/apple/OneDrive/Documents/Coding 2/CSC250_Spring2022_Projects/My project (1)
Using Asset Import Pipeline V2.
Refreshing native plugins compatible for Editor in 85.95 ms, found 2 plugins.
Preloading 0 native plugins for Editor in 0.00 ms.
Initialize engine version: 2020.3.31f1 (6b54b7616050)
[Subsystems] Discovering subsystems at path C:/Users/apple/OneDrive/Documents/Coding 2/2020.3.31f1/Editor/Data/Resources/UnitySubsystems
[Subsystems] Discovering subsystems at path C:/Users/apple/OneDrive/Documents/Coding 2/CSC250_Spring2022_Projects/My project (1)/Assets
GfxDevice: creating device client; threaded=0
Direct3D:
    Version:  Direct3D 11.0 [level 11.1]
    Renderer: NVIDIA GeForce GTX 1050 (ID=0x1c8d)
    Vendor:   
    VRAM:     4021 MB
    Driver:   27.21.14.5763
Initialize mono
Mono path[0] = 'C:/Users/apple/OneDrive/Documents/Coding 2/2020.3.31f1/Editor/Data/Managed'
Mono path[1] = 'C:/Users/apple/OneDrive/Documents/Coding 2/2020.3.31f1/Editor/Data/MonoBleedingEdge/lib/mono/unityjit'
Mono config path = 'C:/Users/apple/OneDrive/Documents/Coding 2/2020.3.31f1/Editor/Data/MonoBleedingEdge/etc'
Using monoOptions --debugger-agent=transport=dt_socket,embedding=1,server=y,suspend=n,address=127.0.0.1:56260
Begin MonoManager ReloadAssembly
Registering precompiled unity dll's ...
Register platform support module: C:/Users/apple/OneDrive/Documents/Coding 2/2020.3.31f1/Editor/Data/PlaybackEngines/WindowsStandaloneSupport/UnityEditor.WindowsStandalone.Extensions.dll
Registered in 0.002695 seconds.
Native extension for WindowsStandalone target not found
Refreshing native plugins compatible for Editor in 77.17 ms, found 2 plugins.
Preloading 0 native plugins for Editor in 0.00 ms.
Mono: successfully reloaded assembly
- Completed reload, in  1.486 seconds
Domain Reload Profiling:
	ReloadAssembly (1486ms)
		BeginReloadAssembly (169ms)
			ExecutionOrderSort (0ms)
			DisableScriptedObjects (0ms)
			BackupInstance (0ms)
			ReleaseScriptingObjects (0ms)
			CreateAndSetChildDomain (1ms)
		EndReloadAssembly (1115ms)
			LoadAssemblies (166ms)
			RebuildTransferFunctionScriptingTraits (0ms)
			SetupTypeCache (427ms)
			ReleaseScriptCaches (0ms)
			RebuildScriptCaches (79ms)
			SetupLoadedEditorAssemblies (379ms)
				LogAssemblyErrors (0ms)
				InitializePlatformSupportModulesInManaged (10ms)
				SetLoadedEditorAssemblies (0ms)
				RefreshPlugins (77ms)
				BeforeProcessingInitializeOnLoad (25ms)
				ProcessInitializeOnLoadAttributes (196ms)
				ProcessInitializeOnLoadMethodAttributes (70ms)
				AfterProcessingInitializeOnLoad (0ms)
				EditorAssembliesLoaded (0ms)
			ExecutionOrderSort2 (0ms)
			AwakeInstancesAfterBackupRestoration (0ms)
Platform modules already initialized, skipping
Registering precompiled user dll's ...
Registered in 0.006067 seconds.
Begin MonoManager ReloadAssembly
Native extension for WindowsStandalone target not found
Refreshing native plugins compatible for Editor in 0.72 ms, found 2 plugins.
Preloading 0 native plugins for Editor in 0.00 ms.
Mono: successfully reloaded assembly
- Completed reload, in  2.304 seconds
Domain Reload Profiling:
	ReloadAssembly (2305ms)
		BeginReloadAssembly (345ms)
			ExecutionOrderSort (0ms)
			DisableScriptedObjects (10ms)
			BackupInstance (0ms)
			ReleaseScriptingObjects (0ms)
			CreateAndSetChildDomain (44ms)
		EndReloadAssembly (1828ms)
			LoadAssemblies (208ms)
			RebuildTransferFunctionScriptingTraits (0ms)
			SetupTypeCache (630ms)
			ReleaseScriptCaches (1ms)
			RebuildScriptCaches (107ms)
			SetupLoadedEditorAssemblies (670ms)
				LogAssemblyErrors (0ms)
				InitializePlatformSupportModulesInManaged (9ms)
				SetLoadedEditorAssemblies (1ms)
				RefreshPlugins (1ms)
				BeforeProcessingInitializeOnLoad (122ms)
				ProcessInitializeOnLoadAttributes (504ms)
				ProcessInitializeOnLoadMethodAttributes (18ms)
				AfterProcessingInitializeOnLoad (15ms)
				EditorAssembliesLoaded (0ms)
			ExecutionOrderSort2 (0ms)
			AwakeInstancesAfterBackupRestoration (13ms)
Platform modules already initialized, skipping
========================================================================
Worker process is ready to serve import requests
Launched and connected shader compiler UnityShaderCompiler.exe after 0.21 seconds
Refreshing native plugins compatible for Editor in 0.61 ms, found 2 plugins.
Preloading 0 native plugins for Editor in 0.00 ms.
Unloading 1510 Unused Serialized files (Serialized files now loaded: 0)
System memory in use before: 69.2 MB.
System memory in use after: 69.3 MB.

Unloading 16 unused Assets to reduce memory usage. Loaded Objects now: 1946.
Total: 6.770300 ms (FindLiveObjects: 0.211000 ms CreateObjectMapping: 0.089500 ms MarkObjects: 6.326700 ms  DeleteObjects: 0.136700 ms)

AssetImportParameters requested are different than current active one (requested -> active):
  custom:framework-win-MediaFoundation: 216162199b28c13a410421893ffa2e32 -> 
  custom:video-decoder-ogg-theora: a1e56fd34408186e4bbccfd4996cb3dc -> 
  custom:container-muxer-webm: aa71ff27fc2769a1b78a27578f13a17b -> 
  custom:container-demuxer-webm: 4f35f7cbe854078d1ac9338744f61a02 -> 
  custom:container-demuxer-ogg: 62fdf1f143b41e24485cea50d1cbac27 -> 
  custom:video-encoder-webm-vp8: eb34c28f22e8b96e1ab97ce403110664 -> 
  custom:video-decoder-webm-vp8: 9c59270c3fd7afecdb556c50c9e8de78 -> 
  custom:audio-decoder-ogg-vorbis: bf7c407c2cedff20999df2af8eb42d56 -> 
  custom:audio-encoder-webm-vorbis: bf7c407c2cedff20999df2af8eb42d56 -> 
========================================================================
Received Import Request.
  path: Assets/Prefab/Room.prefab
  artifactKey: Guid(b4e1cf94b327d284c8e29195116c183a) Importer(815301076,1909f56bfc062723c751e8b465ee728b)
Start importing Assets/Prefab/Room.prefab using Guid(b4e1cf94b327d284c8e29195116c183a) Importer(815301076,1909f56bfc062723c751e8b465ee728b)  -> (artifact id: '7c28348fd64b8cda5323507567dba3a9') in 0.311291 seconds 
========================================================================
Received Import Request.
  Time since last request: 105.998556 seconds.
  path: Assets/Prefab/Room.prefab
  artifactKey: Guid(b4e1cf94b327d284c8e29195116c183a) Importer(815301076,1909f56bfc062723c751e8b465ee728b)
Start importing Assets/Prefab/Room.prefab using Guid(b4e1cf94b327d284c8e29195116c183a) Importer(815301076,1909f56bfc062723c751e8b465ee728b)  -> (artifact id: '42b8eaa9a8cc4ba6ff301c463c3b054f') in 0.116800 seconds 
========================================================================
Received Import Request.
  Time since last request: 38.302483 seconds.
  path: Assets/Prefab/Room.prefab
  artifactKey: Guid(b4e1cf94b327d284c8e29195116c183a) Importer(815301076,1909f56bfc062723c751e8b465ee728b)
Start importing Assets/Prefab/Room.prefab using Guid(b4e1cf94b327d284c8e29195116c183a) Importer(815301076,1909f56bfc062723c751e8b465ee728b)  -> (artifact id: '5b1f476625c15540a8b72e4bdb935d72') in 0.045018 seconds 
========================================================================
Received Import Request.
  Time since last request: 129.977339 seconds.
  path: Assets/Prefab/Room.prefab
  artifactKey: Guid(b4e1cf94b327d284c8e29195116c183a) Importer(815301076,1909f56bfc062723c751e8b465ee728b)
Start importing Assets/Prefab/Room.prefab using Guid(b4e1cf94b327d284c8e29195116c183a) Importer(815301076,1909f56bfc062723c751e8b465ee728b)  -> (artifact id: '2b9e1ff7639bb659e0772bae20a50a29') in 0.043738 seconds 
========================================================================
Received Import Request.
  Time since last request: 11.578906 seconds.
  path: Assets/Prefab/Room.prefab
  artifactKey: Guid(b4e1cf94b327d284c8e29195116c183a) Importer(815301076,1909f56bfc062723c751e8b465ee728b)
Start importing Assets/Prefab/Room.prefab using Guid(b4e1cf94b327d284c8e29195116c183a) Importer(815301076,1909f56bfc062723c751e8b465ee728b)  -> (artifact id: '053f5f9ee36d8b0e788f7098661f1d5e') in 0.106100 seconds 
========================================================================
Received Import Request.
  Time since last request: 28.452301 seconds.
  path: Assets/Prefab/Room.prefab
  artifactKey: Guid(b4e1cf94b327d284c8e29195116c183a) Importer(815301076,1909f56bfc062723c751e8b465ee728b)
Start importing Assets/Prefab/Room.prefab using Guid(b4e1cf94b327d284c8e29195116c183a) Importer(815301076,1909f56bfc062723c751e8b465ee728b)  -> (artifact id: '6470d20017f931d673906f12498f21b5') in 0.064432 seconds 
========================================================================
Received Import Request.
  Time since last request: 18.130222 seconds.
  path: Assets/Prefab/Room.prefab
  artifactKey: Guid(b4e1cf94b327d284c8e29195116c183a) Importer(815301076,1909f56bfc062723c751e8b465ee728b)
Start importing Assets/Prefab/Room.prefab using Guid(b4e1cf94b327d284c8e29195116c183a) Importer(815301076,1909f56bfc062723c751e8b465ee728b)  -> (artifact id: '80aeac79922e6b671ce22c790ad8133d') in 0.081968 seconds 
========================================================================
Received Import Request.
  Time since last request: 6.930168 seconds.
  path: Assets/Prefab/Room.prefab
  artifactKey: Guid(b4e1cf94b327d284c8e29195116c183a) Importer(815301076,1909f56bfc062723c751e8b465ee728b)
Start importing Assets/Prefab/Room.prefab using Guid(b4e1cf94b327d284c8e29195116c183a) Importer(815301076,1909f56bfc062723c751e8b465ee728b)  -> (artifact id: 'c9463e1a818f6be166195617101d5324') in 0.063562 seconds 
========================================================================
Received Import Request.
  Time since last request: 8.436049 seconds.
  path: Assets/Prefab/Room.prefab
  artifactKey: Guid(b4e1cf94b327d284c8e29195116c183a) Importer(815301076,1909f56bfc062723c751e8b465ee728b)
Start importing Assets/Prefab/Room.prefab using Guid(b4e1cf94b327d284c8e29195116c183a) Importer(815301076,1909f56bfc062723c751e8b465ee728b)  -> (artifact id: '1124e7ccde0952fc0165071408376748') in 0.043316 seconds 
========================================================================
Received Import Request.
  Time since last request: 5.386662 seconds.
  path: Assets/Prefab/Room.prefab
  artifactKey: Guid(b4e1cf94b327d284c8e29195116c183a) Importer(815301076,1909f56bfc062723c751e8b465ee728b)
Start importing Assets/Prefab/Room.prefab using Guid(b4e1cf94b327d284c8e29195116c183a) Importer(815301076,1909f56bfc062723c751e8b465ee728b)  -> (artifact id: '7321a4b506fef7227fcad8677835f4c3') in 0.047702 seconds 
========================================================================
Received Import Request.
  Time since last request: 13.579351 seconds.
  path: Assets/Prefab/Room.prefab
  artifactKey: Guid(b4e1cf94b327d284c8e29195116c183a) Importer(815301076,1909f56bfc062723c751e8b465ee728b)
Start importing Assets/Prefab/Room.prefab using Guid(b4e1cf94b327d284c8e29195116c183a) Importer(815301076,1909f56bfc062723c751e8b465ee728b)  -> (artifact id: 'bc07a86aa350a89db2a2fdb2984089eb') in 0.051166 seconds 
========================================================================
Received Import Request.
  Time since last request: 5.036945 seconds.
  path: Assets/Prefab/Room.prefab
  artifactKey: Guid(b4e1cf94b327d284c8e29195116c183a) Importer(815301076,1909f56bfc062723c751e8b465ee728b)
Start importing Assets/Prefab/Room.prefab using Guid(b4e1cf94b327d284c8e29195116c183a) Importer(815301076,1909f56bfc062723c751e8b465ee728b)  -> (artifact id: '79cabf787ba7fafcf72e5b2d8252d827') in 0.041797 seconds 
========================================================================
Received Import Request.
  Time since last request: 5.744544 seconds.
  path: Assets/Prefab/Room.prefab
  artifactKey: Guid(b4e1cf94b327d284c8e29195116c183a) Importer(815301076,1909f56bfc062723c751e8b465ee728b)
Start importing Assets/Prefab/Room.prefab using Guid(b4e1cf94b327d284c8e29195116c183a) Importer(815301076,1909f56bfc062723c751e8b465ee728b)  -> (artifact id: '5a3227bfdddb5a0d56525af7a247e68d') in 0.067644 seconds 
========================================================================
Received Import Request.
  Time since last request: 7.905146 seconds.
  path: Assets/Prefab/Room.prefab
  artifactKey: Guid(b4e1cf94b327d284c8e29195116c183a) Importer(815301076,1909f56bfc062723c751e8b465ee728b)
Start importing Assets/Prefab/Room.prefab using Guid(b4e1cf94b327d284c8e29195116c183a) Importer(815301076,1909f56bfc062723c751e8b465ee728b)  -> (artifact id: '8173ae6f3894eac70fa45ee3a9173d92') in 0.027519 seconds 
========================================================================
Received Import Request.
  Time since last request: 10.674423 seconds.
  path: Assets/Prefab/Room.prefab
  artifactKey: Guid(b4e1cf94b327d284c8e29195116c183a) Importer(815301076,1909f56bfc062723c751e8b465ee728b)
Start importing Assets/Prefab/Room.prefab using Guid(b4e1cf94b327d284c8e29195116c183a) Importer(815301076,1909f56bfc062723c751e8b465ee728b)  -> (artifact id: 'd90f7b78301e15b4cf6ab7a1a1dcac9e') in 0.027273 seconds 
========================================================================
Received Import Request.
  Time since last request: 29.369188 seconds.
  path: Assets/Prefab/Room.prefab
  artifactKey: Guid(b4e1cf94b327d284c8e29195116c183a) Importer(815301076,1909f56bfc062723c751e8b465ee728b)
Start importing Assets/Prefab/Room.prefab using Guid(b4e1cf94b327d284c8e29195116c183a) Importer(815301076,1909f56bfc062723c751e8b465ee728b)  -> (artifact id: '2a33fa81bb7ed8320d85640fe93777ac') in 0.076689 seconds 
========================================================================
Received Import Request.
  Time since last request: 20.248663 seconds.
  path: Assets/Prefab/Room.prefab
  artifactKey: Guid(b4e1cf94b327d284c8e29195116c183a) Importer(815301076,1909f56bfc062723c751e8b465ee728b)
Start importing Assets/Prefab/Room.prefab using Guid(b4e1cf94b327d284c8e29195116c183a) Importer(815301076,1909f56bfc062723c751e8b465ee728b)  -> (artifact id: '46c3932ab7031fca6412f41cb75069b7') in 0.029397 seconds 
========================================================================
Received Import Request.
  Time since last request: 21.310367 seconds.
  path: Assets/Prefab/Room.prefab
  artifactKey: Guid(b4e1cf94b327d284c8e29195116c183a) Importer(815301076,1909f56bfc062723c751e8b465ee728b)
Start importing Assets/Prefab/Room.prefab using Guid(b4e1cf94b327d284c8e29195116c183a) Importer(815301076,1909f56bfc062723c751e8b465ee728b)  -> (artifact id: '31116894c88f8d8279facece7b88e0e1') in 0.030021 seconds 
========================================================================
Received Import Request.
  Time since last request: 6.990090 seconds.
  path: Assets/Prefab/Room.prefab
  artifactKey: Guid(b4e1cf94b327d284c8e29195116c183a) Importer(815301076,1909f56bfc062723c751e8b465ee728b)
Start importing Assets/Prefab/Room.prefab using Guid(b4e1cf94b327d284c8e29195116c183a) Importer(815301076,1909f56bfc062723c751e8b465ee728b)  -> (artifact id: 'bd3e77a9623abbea8886ac229b8598fa') in 0.065913 seconds 
========================================================================
Received Import Request.
  Time since last request: 62.758935 seconds.
  path: Assets/Prefab/Room.prefab
  artifactKey: Guid(b4e1cf94b327d284c8e29195116c183a) Importer(815301076,1909f56bfc062723c751e8b465ee728b)
Start importing Assets/Prefab/Room.prefab using Guid(b4e1cf94b327d284c8e29195116c183a) Importer(815301076,1909f56bfc062723c751e8b465ee728b)  -> (artifact id: 'abfb967784259d1102173b08509c4f53') in 0.038197 seconds 
========================================================================
Received Import Request.
  Time since last request: 6.638251 seconds.
  path: Assets/Prefab/Room.prefab
  artifactKey: Guid(b4e1cf94b327d284c8e29195116c183a) Importer(815301076,1909f56bfc062723c751e8b465ee728b)
Start importing Assets/Prefab/Room.prefab using Guid(b4e1cf94b327d284c8e29195116c183a) Importer(815301076,1909f56bfc062723c751e8b465ee728b)  -> (artifact id: '07763d5ea5004a4bbf26da51d9515df2') in 0.066519 seconds 
========================================================================
Received Import Request.
  Time since last request: 31.629659 seconds.
  path: Assets/Prefab/Room.prefab
  artifactKey: Guid(b4e1cf94b327d284c8e29195116c183a) Importer(815301076,1909f56bfc062723c751e8b465ee728b)
Start importing Assets/Prefab/Room.prefab using Guid(b4e1cf94b327d284c8e29195116c183a) Importer(815301076,1909f56bfc062723c751e8b465ee728b)  -> (artifact id: '97526d1ede5c3ba8bbbc54fd614737d9') in 0.063593 seconds 
========================================================================
Received Import Request.
  Time since last request: 21.488561 seconds.
  path: Assets/Prefab/Room.prefab
  artifactKey: Guid(b4e1cf94b327d284c8e29195116c183a) Importer(815301076,1909f56bfc062723c751e8b465ee728b)
Start importing Assets/Prefab/Room.prefab using Guid(b4e1cf94b327d284c8e29195116c183a) Importer(815301076,1909f56bfc062723c751e8b465ee728b)  -> (artifact id: '32a0697dabf4d73649bb0896eee3f2f6') in 0.072418 seconds 
========================================================================
Received Import Request.
  Time since last request: 12.894825 seconds.
  path: Assets/Prefab/Room.prefab
  artifactKey: Guid(b4e1cf94b327d284c8e29195116c183a) Importer(815301076,1909f56bfc062723c751e8b465ee728b)
Start importing Assets/Prefab/Room.prefab using Guid(b4e1cf94b327d284c8e29195116c183a) Importer(815301076,1909f56bfc062723c751e8b465ee728b)  -> (artifact id: 'be5d0ea8c8bf14e3c0d2e96502ddb8b9') in 0.045628 seconds 
========================================================================
Received Import Request.
  Time since last request: 19.873448 seconds.
  path: Assets/Prefab/Room.prefab
  artifactKey: Guid(b4e1cf94b327d284c8e29195116c183a) Importer(815301076,1909f56bfc062723c751e8b465ee728b)
Start importing Assets/Prefab/Room.prefab using Guid(b4e1cf94b327d284c8e29195116c183a) Importer(815301076,1909f56bfc062723c751e8b465ee728b)  -> (artifact id: 'd9bb2a05d52f112f5dfafe4ed721dfde') in 0.048507 seconds 
========================================================================
Received Import Request.
  Time since last request: 332.957771 seconds.
  path: Assets/Prefab/Room.prefab
  artifactKey: Guid(b4e1cf94b327d284c8e29195116c183a) Importer(815301076,1909f56bfc062723c751e8b465ee728b)
Start importing Assets/Prefab/Room.prefab using Guid(b4e1cf94b327d284c8e29195116c183a) Importer(815301076,1909f56bfc062723c751e8b465ee728b)  -> (artifact id: 'f081c1218011c866304b759194026b7c') in 0.084864 seconds 
========================================================================
Received Import Request.
  Time since last request: 17.467869 seconds.
  path: Assets/Prefab/Room.prefab
  artifactKey: Guid(b4e1cf94b327d284c8e29195116c183a) Importer(815301076,1909f56bfc062723c751e8b465ee728b)
Start importing Assets/Prefab/Room.prefab using Guid(b4e1cf94b327d284c8e29195116c183a) Importer(815301076,1909f56bfc062723c751e8b465ee728b)  -> (artifact id: '89c03b8c1dbf463c615416b13f507111') in 0.074277 seconds 
========================================================================
Received Import Request.
  Time since last request: 40.193866 seconds.
  path: Assets/Prefab/Room.prefab
  artifactKey: Guid(b4e1cf94b327d284c8e29195116c183a) Importer(815301076,1909f56bfc062723c751e8b465ee728b)
Start importing Assets/Prefab/Room.prefab using Guid(b4e1cf94b327d284c8e29195116c183a) Importer(815301076,1909f56bfc062723c751e8b465ee728b)  -> (artifact id: 'a03c6304e9d50ba489cc862f4adf6cee') in 0.075087 seconds 
========================================================================
Received Import Request.
  Time since last request: 8.161024 seconds.
  path: Assets/Prefab/Room.prefab
  artifactKey: Guid(b4e1cf94b327d284c8e29195116c183a) Importer(815301076,1909f56bfc062723c751e8b465ee728b)
Start importing Assets/Prefab/Room.prefab using Guid(b4e1cf94b327d284c8e29195116c183a) Importer(815301076,1909f56bfc062723c751e8b465ee728b)  -> (artifact id: '586b3a67f9c4cd9c07fe2498b83e120c') in 0.039338 seconds 
========================================================================
Received Import Request.
  Time since last request: 6.349779 seconds.
  path: Assets/Prefab/Room.prefab
  artifactKey: Guid(b4e1cf94b327d284c8e29195116c183a) Importer(815301076,1909f56bfc062723c751e8b465ee728b)
Start importing Assets/Prefab/Room.prefab using Guid(b4e1cf94b327d284c8e29195116c183a) Importer(815301076,1909f56bfc062723c751e8b465ee728b)  -> (artifact id: '4b6176c0952ffc145be3b89c508e9cfc') in 0.040503 seconds 
========================================================================
Received Import Request.
  Time since last request: 6.291829 seconds.
  path: Assets/Prefab/Room.prefab
  artifactKey: Guid(b4e1cf94b327d284c8e29195116c183a) Importer(815301076,1909f56bfc062723c751e8b465ee728b)
Start importing Assets/Prefab/Room.prefab using Guid(b4e1cf94b327d284c8e29195116c183a) Importer(815301076,1909f56bfc062723c751e8b465ee728b)  -> (artifact id: '85aa2c6965a9cfad70b99b9c450894e3') in 0.068172 seconds 
========================================================================
Received Import Request.
  Time since last request: 4.917627 seconds.
  path: Assets/Prefab/Room.prefab
  artifactKey: Guid(b4e1cf94b327d284c8e29195116c183a) Importer(815301076,1909f56bfc062723c751e8b465ee728b)
Start importing Assets/Prefab/Room.prefab using Guid(b4e1cf94b327d284c8e29195116c183a) Importer(815301076,1909f56bfc062723c751e8b465ee728b)  -> (artifact id: '2a542acb98ebf6f73ed1cc33dda1696c') in 0.071021 seconds 
========================================================================
Received Import Request.
  Time since last request: 6.186078 seconds.
  path: Assets/Prefab/Room.prefab
  artifactKey: Guid(b4e1cf94b327d284c8e29195116c183a) Importer(815301076,1909f56bfc062723c751e8b465ee728b)
Start importing Assets/Prefab/Room.prefab using Guid(b4e1cf94b327d284c8e29195116c183a) Importer(815301076,1909f56bfc062723c751e8b465ee728b)  -> (artifact id: '5296b1d2dc3aa8d8b105b5c1ac58f3dc') in 0.091185 seconds 
========================================================================
Received Prepare
Registering precompiled user dll's ...
Registered in 0.095318 seconds.
Begin MonoManager ReloadAssembly
Native extension for WindowsStandalone target not found
Refreshing native plugins compatible for Editor in 0.68 ms, found 2 plugins.
Preloading 0 native plugins for Editor in 0.00 ms.
Mono: successfully reloaded assembly
- Completed reload, in  3.162 seconds
Domain Reload Profiling:
	ReloadAssembly (3164ms)
		BeginReloadAssembly (516ms)
			ExecutionOrderSort (0ms)
			DisableScriptedObjects (27ms)
			BackupInstance (0ms)
			ReleaseScriptingObjects (0ms)
			CreateAndSetChildDomain (182ms)
		EndReloadAssembly (2482ms)
			LoadAssemblies (283ms)
			RebuildTransferFunctionScriptingTraits (0ms)
			SetupTypeCache (981ms)
			ReleaseScriptCaches (2ms)
			RebuildScriptCaches (149ms)
			SetupLoadedEditorAssemblies (745ms)
				LogAssemblyErrors (0ms)
				InitializePlatformSupportModulesInManaged (7ms)
				SetLoadedEditorAssemblies (1ms)
				RefreshPlugins (1ms)
				BeforeProcessingInitializeOnLoad (100ms)
				ProcessInitializeOnLoadAttributes (594ms)
				ProcessInitializeOnLoadMethodAttributes (25ms)
				AfterProcessingInitializeOnLoad (17ms)
				EditorAssembliesLoaded (1ms)
			ExecutionOrderSort2 (0ms)
			AwakeInstancesAfterBackupRestoration (18ms)
Platform modules already initialized, skipping
Refreshing native plugins compatible for Editor in 0.78 ms, found 2 plugins.
Preloading 0 native plugins for Editor in 0.00 ms.
Unloading 1504 Unused Serialized files (Serialized files now loaded: 0)
System memory in use before: 72.3 MB.
System memory in use after: 72.4 MB.

Unloading 12 unused Assets to reduce memory usage. Loaded Objects now: 1957.
Total: 11.361700 ms (FindLiveObjects: 0.384600 ms CreateObjectMapping: 0.135000 ms MarkObjects: 10.669700 ms  DeleteObjects: 0.169700 ms)

AssetImportParameters requested are different than current active one (requested -> active):
  custom:framework-win-MediaFoundation: 216162199b28c13a410421893ffa2e32 -> 
  custom:video-decoder-ogg-theora: a1e56fd34408186e4bbccfd4996cb3dc -> 
  custom:container-muxer-webm: aa71ff27fc2769a1b78a27578f13a17b -> 
  custom:container-demuxer-webm: 4f35f7cbe854078d1ac9338744f61a02 -> 
  custom:container-demuxer-ogg: 62fdf1f143b41e24485cea50d1cbac27 -> 
  custom:video-encoder-webm-vp8: eb34c28f22e8b96e1ab97ce403110664 -> 
  custom:video-decoder-webm-vp8: 9c59270c3fd7afecdb556c50c9e8de78 -> 
  custom:audio-decoder-ogg-vorbis: bf7c407c2cedff20999df2af8eb42d56 -> 
  custom:audio-encoder-webm-vorbis: bf7c407c2cedff20999df2af8eb42d56 -> 
========================================================================
Received Import Request.
  Time since last request: 278.709602 seconds.
  path: Assets/Scripts/Player.cs
  artifactKey: Guid(659d4ba4fd39e9c46b8e98e1a7e40669) Importer(815301076,1909f56bfc062723c751e8b465ee728b)
Start importing Assets/Scripts/Player.cs using Guid(659d4ba4fd39e9c46b8e98e1a7e40669) Importer(815301076,1909f56bfc062723c751e8b465ee728b)  -> (artifact id: 'ec65de46d0a9bacdc2920cbf7cb1f0ac') in 0.040391 seconds 
========================================================================
Received Prepare
Registering precompiled user dll's ...
Registered in 0.004997 seconds.
Begin MonoManager ReloadAssembly
Native extension for WindowsStandalone target not found
Refreshing native plugins compatible for Editor in 0.59 ms, found 2 plugins.
Preloading 0 native plugins for Editor in 0.00 ms.
Mono: successfully reloaded assembly
- Completed reload, in  3.012 seconds
Domain Reload Profiling:
	ReloadAssembly (3013ms)
		BeginReloadAssembly (488ms)
			ExecutionOrderSort (0ms)
			DisableScriptedObjects (23ms)
			BackupInstance (0ms)
			ReleaseScriptingObjects (0ms)
			CreateAndSetChildDomain (129ms)
		EndReloadAssembly (2358ms)
			LoadAssemblies (445ms)
			RebuildTransferFunctionScriptingTraits (0ms)
			SetupTypeCache (885ms)
			ReleaseScriptCaches (3ms)
			RebuildScriptCaches (108ms)
			SetupLoadedEditorAssemblies (798ms)
				LogAssemblyErrors (0ms)
				InitializePlatformSupportModulesInManaged (9ms)
				SetLoadedEditorAssemblies (1ms)
				RefreshPlugins (1ms)
				BeforeProcessingInitializeOnLoad (262ms)
				ProcessInitializeOnLoadAttributes (484ms)
				ProcessInitializeOnLoadMethodAttributes (24ms)
				AfterProcessingInitializeOnLoad (17ms)
				EditorAssembliesLoaded (1ms)
			ExecutionOrderSort2 (0ms)
			AwakeInstancesAfterBackupRestoration (17ms)
Platform modules already initialized, skipping
Refreshing native plugins compatible for Editor in 0.53 ms, found 2 plugins.
Preloading 0 native plugins for Editor in 0.00 ms.
Unloading 1504 Unused Serialized files (Serialized files now loaded: 0)
System memory in use before: 72.3 MB.
System memory in use after: 72.5 MB.

Unloading 11 unused Assets to reduce memory usage. Loaded Objects now: 1960.
Total: 5.594700 ms (FindLiveObjects: 0.221800 ms CreateObjectMapping: 0.093200 ms MarkObjects: 5.216300 ms  DeleteObjects: 0.062000 ms)

AssetImportParameters requested are different than current active one (requested -> active):
  custom:framework-win-MediaFoundation: 216162199b28c13a410421893ffa2e32 -> 
  custom:video-decoder-ogg-theora: a1e56fd34408186e4bbccfd4996cb3dc -> 
  custom:container-muxer-webm: aa71ff27fc2769a1b78a27578f13a17b -> 
  custom:container-demuxer-webm: 4f35f7cbe854078d1ac9338744f61a02 -> 
  custom:container-demuxer-ogg: 62fdf1f143b41e24485cea50d1cbac27 -> 
  custom:video-encoder-webm-vp8: eb34c28f22e8b96e1ab97ce403110664 -> 
  custom:video-decoder-webm-vp8: 9c59270c3fd7afecdb556c50c9e8de78 -> 
  custom:audio-decoder-ogg-vorbis: bf7c407c2cedff20999df2af8eb42d56 -> 
  custom:audio-encoder-webm-vorbis: bf7c407c2cedff20999df2af8eb42d56 -> 
========================================================================
Received Prepare
Registering precompiled user dll's ...
Registered in 0.005440 seconds.
Begin MonoManager ReloadAssembly
Native extension for WindowsStandalone target not found
Refreshing native plugins compatible for Editor in 0.78 ms, found 2 plugins.
Preloading 0 native plugins for Editor in 0.00 ms.
Mono: successfully reloaded assembly
- Completed reload, in  3.172 seconds
Domain Reload Profiling:
	ReloadAssembly (3173ms)
		BeginReloadAssembly (347ms)
			ExecutionOrderSort (0ms)
			DisableScriptedObjects (10ms)
			BackupInstance (0ms)
			ReleaseScriptingObjects (0ms)
			CreateAndSetChildDomain (108ms)
		EndReloadAssembly (2590ms)
			LoadAssemblies (314ms)
			RebuildTransferFunctionScriptingTraits (0ms)
			SetupTypeCache (1078ms)
			ReleaseScriptCaches (2ms)
			RebuildScriptCaches (112ms)
			SetupLoadedEditorAssemblies (847ms)
				LogAssemblyErrors (0ms)
				InitializePlatformSupportModulesInManaged (14ms)
				SetLoadedEditorAssemblies (2ms)
				RefreshPlugins (1ms)
				BeforeProcessingInitializeOnLoad (152ms)
				ProcessInitializeOnLoadAttributes (632ms)
				ProcessInitializeOnLoadMethodAttributes (25ms)
				AfterProcessingInitializeOnLoad (19ms)
				EditorAssembliesLoaded (1ms)
			ExecutionOrderSort2 (0ms)
			AwakeInstancesAfterBackupRestoration (21ms)
Platform modules already initialized, skipping
Refreshing native plugins compatible for Editor in 0.93 ms, found 2 plugins.
Preloading 0 native plugins for Editor in 0.00 ms.
Unloading 1504 Unused Serialized files (Serialized files now loaded: 0)
System memory in use before: 72.4 MB.
System memory in use after: 72.5 MB.

Unloading 11 unused Assets to reduce memory usage. Loaded Objects now: 1963.
Total: 5.993600 ms (FindLiveObjects: 0.262700 ms CreateObjectMapping: 0.107000 ms MarkObjects: 5.579400 ms  DeleteObjects: 0.042100 ms)

AssetImportParameters requested are different than current active one (requested -> active):
  custom:framework-win-MediaFoundation: 216162199b28c13a410421893ffa2e32 -> 
  custom:video-decoder-ogg-theora: a1e56fd34408186e4bbccfd4996cb3dc -> 
  custom:container-muxer-webm: aa71ff27fc2769a1b78a27578f13a17b -> 
  custom:container-demuxer-webm: 4f35f7cbe854078d1ac9338744f61a02 -> 
  custom:container-demuxer-ogg: 62fdf1f143b41e24485cea50d1cbac27 -> 
  custom:video-encoder-webm-vp8: eb34c28f22e8b96e1ab97ce403110664 -> 
  custom:video-decoder-webm-vp8: 9c59270c3fd7afecdb556c50c9e8de78 -> 
  custom:audio-decoder-ogg-vorbis: bf7c407c2cedff20999df2af8eb42d56 -> 
  custom:audio-encoder-webm-vorbis: bf7c407c2cedff20999df2af8eb42d56 -> 
========================================================================
Received Prepare
Registering precompiled user dll's ...
Registered in 0.017018 seconds.
Begin MonoManager ReloadAssembly
Native extension for WindowsStandalone target not found
Refreshing native plugins compatible for Editor in 0.76 ms, found 2 plugins.
Preloading 0 native plugins for Editor in 0.00 ms.
Mono: successfully reloaded assembly
- Completed reload, in  3.745 seconds
Domain Reload Profiling:
	ReloadAssembly (3747ms)
		BeginReloadAssembly (524ms)
			ExecutionOrderSort (0ms)
			DisableScriptedObjects (15ms)
			BackupInstance (0ms)
			ReleaseScriptingObjects (0ms)
			CreateAndSetChildDomain (144ms)
		EndReloadAssembly (2837ms)
			LoadAssemblies (449ms)
			RebuildTransferFunctionScriptingTraits (0ms)
			SetupTypeCache (798ms)
			ReleaseScriptCaches (3ms)
			RebuildScriptCaches (130ms)
			SetupLoadedEditorAssemblies (1216ms)
				LogAssemblyErrors (0ms)
				InitializePlatformSupportModulesInManaged (15ms)
				SetLoadedEditorAssemblies (2ms)
				RefreshPlugins (1ms)
				BeforeProcessingInitializeOnLoad (170ms)
				ProcessInitializeOnLoadAttributes (933ms)
				ProcessInitializeOnLoadMethodAttributes (56ms)
				AfterProcessingInitializeOnLoad (39ms)
				EditorAssembliesLoaded (1ms)
			ExecutionOrderSort2 (0ms)
			AwakeInstancesAfterBackupRestoration (43ms)
Platform modules already initialized, skipping
Refreshing native plugins compatible for Editor in 1.08 ms, found 2 plugins.
Preloading 0 native plugins for Editor in 0.00 ms.
Unloading 1504 Unused Serialized files (Serialized files now loaded: 0)
System memory in use before: 72.4 MB.
System memory in use after: 72.5 MB.

Unloading 11 unused Assets to reduce memory usage. Loaded Objects now: 1966.
Total: 11.007100 ms (FindLiveObjects: 0.382000 ms CreateObjectMapping: 0.185900 ms MarkObjects: 10.333500 ms  DeleteObjects: 0.101300 ms)

AssetImportParameters requested are different than current active one (requested -> active):
  custom:framework-win-MediaFoundation: 216162199b28c13a410421893ffa2e32 -> 
  custom:video-decoder-ogg-theora: a1e56fd34408186e4bbccfd4996cb3dc -> 
  custom:container-muxer-webm: aa71ff27fc2769a1b78a27578f13a17b -> 
  custom:container-demuxer-webm: 4f35f7cbe854078d1ac9338744f61a02 -> 
  custom:container-demuxer-ogg: 62fdf1f143b41e24485cea50d1cbac27 -> 
  custom:video-encoder-webm-vp8: eb34c28f22e8b96e1ab97ce403110664 -> 
  custom:video-decoder-webm-vp8: 9c59270c3fd7afecdb556c50c9e8de78 -> 
  custom:audio-decoder-ogg-vorbis: bf7c407c2cedff20999df2af8eb42d56 -> 
  custom:audio-encoder-webm-vorbis: bf7c407c2cedff20999df2af8eb42d56 -> 
========================================================================
Received Prepare
Registering precompiled user dll's ...
Registered in 0.004961 seconds.
Begin MonoManager ReloadAssembly
Native extension for WindowsStandalone target not found
Refreshing native plugins compatible for Editor in 0.79 ms, found 2 plugins.
Preloading 0 native plugins for Editor in 0.00 ms.
Mono: successfully reloaded assembly
- Completed reload, in  3.965 seconds
Domain Reload Profiling:
	ReloadAssembly (3968ms)
		BeginReloadAssembly (619ms)
			ExecutionOrderSort (0ms)
			DisableScriptedObjects (27ms)
			BackupInstance (0ms)
			ReleaseScriptingObjects (0ms)
			CreateAndSetChildDomain (175ms)
		EndReloadAssembly (2948ms)
			LoadAssemblies (432ms)
			RebuildTransferFunctionScriptingTraits (0ms)
			SetupTypeCache (888ms)
			ReleaseScriptCaches (5ms)
			RebuildScriptCaches (237ms)
			SetupLoadedEditorAssemblies (981ms)
				LogAssemblyErrors (0ms)
				InitializePlatformSupportModulesInManaged (23ms)
				SetLoadedEditorAssemblies (2ms)
				RefreshPlugins (1ms)
				BeforeProcessingInitializeOnLoad (198ms)
				ProcessInitializeOnLoadAttributes (704ms)
				ProcessInitializeOnLoadMethodAttributes (32ms)
				AfterProcessingInitializeOnLoad (20ms)
				EditorAssembliesLoaded (1ms)
			ExecutionOrderSort2 (0ms)
			AwakeInstancesAfterBackupRestoration (23ms)
Platform modules already initialized, skipping
Refreshing native plugins compatible for Editor in 0.44 ms, found 2 plugins.
Preloading 0 native plugins for Editor in 0.00 ms.
Unloading 1504 Unused Serialized files (Serialized files now loaded: 0)
System memory in use before: 72.4 MB.
System memory in use after: 72.5 MB.

Unloading 11 unused Assets to reduce memory usage. Loaded Objects now: 1969.
Total: 5.411600 ms (FindLiveObjects: 0.207700 ms CreateObjectMapping: 0.077800 ms MarkObjects: 5.081200 ms  DeleteObjects: 0.042500 ms)

AssetImportParameters requested are different than current active one (requested -> active):
  custom:framework-win-MediaFoundation: 216162199b28c13a410421893ffa2e32 -> 
  custom:video-decoder-ogg-theora: a1e56fd34408186e4bbccfd4996cb3dc -> 
  custom:container-muxer-webm: aa71ff27fc2769a1b78a27578f13a17b -> 
  custom:container-demuxer-webm: 4f35f7cbe854078d1ac9338744f61a02 -> 
  custom:container-demuxer-ogg: 62fdf1f143b41e24485cea50d1cbac27 -> 
  custom:video-encoder-webm-vp8: eb34c28f22e8b96e1ab97ce403110664 -> 
  custom:video-decoder-webm-vp8: 9c59270c3fd7afecdb556c50c9e8de78 -> 
  custom:audio-decoder-ogg-vorbis: bf7c407c2cedff20999df2af8eb42d56 -> 
  custom:audio-encoder-webm-vorbis: bf7c407c2cedff20999df2af8eb42d56 -> 
========================================================================
Received Prepare
Registering precompiled user dll's ...
Registered in 0.006175 seconds.
Begin MonoManager ReloadAssembly
Native extension for WindowsStandalone target not found
Refreshing native plugins compatible for Editor in 0.45 ms, found 2 plugins.
Preloading 0 native plugins for Editor in 0.00 ms.
Mono: successfully reloaded assembly
- Completed reload, in  2.352 seconds
Domain Reload Profiling:
	ReloadAssembly (2353ms)
		BeginReloadAssembly (325ms)
			ExecutionOrderSort (0ms)
			DisableScriptedObjects (13ms)
			BackupInstance (0ms)
			ReleaseScriptingObjects (0ms)
			CreateAndSetChildDomain (84ms)
		EndReloadAssembly (1781ms)
			LoadAssemblies (333ms)
			RebuildTransferFunctionScriptingTraits (0ms)
			SetupTypeCache (723ms)
			ReleaseScriptCaches (1ms)
			RebuildScriptCaches (68ms)
			SetupLoadedEditorAssemblies (536ms)
				LogAssemblyErrors (0ms)
				InitializePlatformSupportModulesInManaged (8ms)
				SetLoadedEditorAssemblies (1ms)
				RefreshPlugins (1ms)
				BeforeProcessingInitializeOnLoad (90ms)
				ProcessInitializeOnLoadAttributes (409ms)
				ProcessInitializeOnLoadMethodAttributes (17ms)
				AfterProcessingInitializeOnLoad (10ms)
				EditorAssembliesLoaded (0ms)
			ExecutionOrderSort2 (0ms)
			AwakeInstancesAfterBackupRestoration (12ms)
Platform modules already initialized, skipping
Refreshing native plugins compatible for Editor in 0.81 ms, found 2 plugins.
Preloading 0 native plugins for Editor in 0.00 ms.
Unloading 1504 Unused Serialized files (Serialized files now loaded: 0)
System memory in use before: 72.4 MB.
System memory in use after: 72.5 MB.

Unloading 11 unused Assets to reduce memory usage. Loaded Objects now: 1972.
Total: 5.536600 ms (FindLiveObjects: 0.771600 ms CreateObjectMapping: 0.294700 ms MarkObjects: 4.432200 ms  DeleteObjects: 0.036700 ms)

AssetImportParameters requested are different than current active one (requested -> active):
  custom:framework-win-MediaFoundation: 216162199b28c13a410421893ffa2e32 -> 
  custom:video-decoder-ogg-theora: a1e56fd34408186e4bbccfd4996cb3dc -> 
  custom:container-muxer-webm: aa71ff27fc2769a1b78a27578f13a17b -> 
  custom:container-demuxer-webm: 4f35f7cbe854078d1ac9338744f61a02 -> 
  custom:container-demuxer-ogg: 62fdf1f143b41e24485cea50d1cbac27 -> 
  custom:video-encoder-webm-vp8: eb34c28f22e8b96e1ab97ce403110664 -> 
  custom:video-decoder-webm-vp8: 9c59270c3fd7afecdb556c50c9e8de78 -> 
  custom:audio-decoder-ogg-vorbis: bf7c407c2cedff20999df2af8eb42d56 -> 
  custom:audio-encoder-webm-vorbis: bf7c407c2cedff20999df2af8eb42d56 -> 
========================================================================
Received Prepare
Registering precompiled user dll's ...
Registered in 0.009025 seconds.
Begin MonoManager ReloadAssembly
Native extension for WindowsStandalone target not found
Refreshing native plugins compatible for Editor in 1.07 ms, found 2 plugins.
Preloading 0 native plugins for Editor in 0.00 ms.
Mono: successfully reloaded assembly
- Completed reload, in  2.959 seconds
Domain Reload Profiling:
	ReloadAssembly (2960ms)
		BeginReloadAssembly (337ms)
			ExecutionOrderSort (0ms)
			DisableScriptedObjects (12ms)
			BackupInstance (0ms)
			ReleaseScriptingObjects (1ms)
			CreateAndSetChildDomain (97ms)
		EndReloadAssembly (2427ms)
			LoadAssemblies (275ms)
			RebuildTransferFunctionScriptingTraits (0ms)
			SetupTypeCache (838ms)
			ReleaseScriptCaches (2ms)
			RebuildScriptCaches (123ms)
			SetupLoadedEditorAssemblies (895ms)
				LogAssemblyErrors (0ms)
				InitializePlatformSupportModulesInManaged (13ms)
				SetLoadedEditorAssemblies (3ms)
				RefreshPlugins (1ms)
				BeforeProcessingInitializeOnLoad (177ms)
				ProcessInitializeOnLoadAttributes (656ms)
				ProcessInitializeOnLoadMethodAttributes (26ms)
				AfterProcessingInitializeOnLoad (18ms)
				EditorAssembliesLoaded (1ms)
			ExecutionOrderSort2 (0ms)
			AwakeInstancesAfterBackupRestoration (25ms)
Platform modules already initialized, skipping
Refreshing native plugins compatible for Editor in 0.65 ms, found 2 plugins.
Preloading 0 native plugins for Editor in 0.00 ms.
Unloading 1504 Unused Serialized files (Serialized files now loaded: 0)
System memory in use before: 72.4 MB.
System memory in use after: 72.5 MB.

Unloading 11 unused Assets to reduce memory usage. Loaded Objects now: 1975.
Total: 8.197400 ms (FindLiveObjects: 0.447500 ms CreateObjectMapping: 0.193700 ms MarkObjects: 7.512400 ms  DeleteObjects: 0.041500 ms)

AssetImportParameters requested are different than current active one (requested -> active):
  custom:framework-win-MediaFoundation: 216162199b28c13a410421893ffa2e32 -> 
  custom:video-decoder-ogg-theora: a1e56fd34408186e4bbccfd4996cb3dc -> 
  custom:container-muxer-webm: aa71ff27fc2769a1b78a27578f13a17b -> 
  custom:container-demuxer-webm: 4f35f7cbe854078d1ac9338744f61a02 -> 
  custom:container-demuxer-ogg: 62fdf1f143b41e24485cea50d1cbac27 -> 
  custom:video-encoder-webm-vp8: eb34c28f22e8b96e1ab97ce403110664 -> 
  custom:video-decoder-webm-vp8: 9c59270c3fd7afecdb556c50c9e8de78 -> 
  custom:audio-decoder-ogg-vorbis: bf7c407c2cedff20999df2af8eb42d56 -> 
  custom:audio-encoder-webm-vorbis: bf7c407c2cedff20999df2af8eb42d56 -> 
========================================================================
Received Prepare
Registering precompiled user dll's ...
Registered in 0.015071 seconds.
Begin MonoManager ReloadAssembly
Native extension for WindowsStandalone target not found
Refreshing native plugins compatible for Editor in 0.73 ms, found 2 plugins.
Preloading 0 native plugins for Editor in 0.00 ms.
Mono: successfully reloaded assembly
- Completed reload, in  3.295 seconds
Domain Reload Profiling:
	ReloadAssembly (3296ms)
		BeginReloadAssembly (329ms)
			ExecutionOrderSort (0ms)
			DisableScriptedObjects (7ms)
			BackupInstance (0ms)
			ReleaseScriptingObjects (0ms)
			CreateAndSetChildDomain (74ms)
		EndReloadAssembly (2724ms)
			LoadAssemblies (336ms)
			RebuildTransferFunctionScriptingTraits (0ms)
			SetupTypeCache (1056ms)
			ReleaseScriptCaches (2ms)
			RebuildScriptCaches (121ms)
			SetupLoadedEditorAssemblies (1000ms)
				LogAssemblyErrors (0ms)
				InitializePlatformSupportModulesInManaged (7ms)
				SetLoadedEditorAssemblies (1ms)
				RefreshPlugins (1ms)
				BeforeProcessingInitializeOnLoad (90ms)
				ProcessInitializeOnLoadAttributes (821ms)
				ProcessInitializeOnLoadMethodAttributes (47ms)
				AfterProcessingInitializeOnLoad (32ms)
				EditorAssembliesLoaded (1ms)
			ExecutionOrderSort2 (0ms)
			AwakeInstancesAfterBackupRestoration (31ms)
Platform modules already initialized, skipping
Refreshing native plugins compatible for Editor in 0.67 ms, found 2 plugins.
Preloading 0 native plugins for Editor in 0.00 ms.
Unloading 1504 Unused Serialized files (Serialized files now loaded: 0)
System memory in use before: 72.4 MB.
System memory in use after: 72.5 MB.

Unloading 11 unused Assets to reduce memory usage. Loaded Objects now: 1978.
Total: 6.300000 ms (FindLiveObjects: 0.253800 ms CreateObjectMapping: 0.130200 ms MarkObjects: 5.843800 ms  DeleteObjects: 0.069800 ms)

AssetImportParameters requested are different than current active one (requested -> active):
  custom:framework-win-MediaFoundation: 216162199b28c13a410421893ffa2e32 -> 
  custom:video-decoder-ogg-theora: a1e56fd34408186e4bbccfd4996cb3dc -> 
  custom:container-muxer-webm: aa71ff27fc2769a1b78a27578f13a17b -> 
  custom:container-demuxer-webm: 4f35f7cbe854078d1ac9338744f61a02 -> 
  custom:container-demuxer-ogg: 62fdf1f143b41e24485cea50d1cbac27 -> 
  custom:video-encoder-webm-vp8: eb34c28f22e8b96e1ab97ce403110664 -> 
  custom:video-decoder-webm-vp8: 9c59270c3fd7afecdb556c50c9e8de78 -> 
  custom:audio-decoder-ogg-vorbis: bf7c407c2cedff20999df2af8eb42d56 -> 
  custom:audio-encoder-webm-vorbis: bf7c407c2cedff20999df2af8eb42d56 -> 
========================================================================
Received Prepare
Registering precompiled user dll's ...
Registered in 0.008566 seconds.
Begin MonoManager ReloadAssembly
Native extension for WindowsStandalone target not found
Refreshing native plugins compatible for Editor in 0.59 ms, found 2 plugins.
Preloading 0 native plugins for Editor in 0.00 ms.
Mono: successfully reloaded assembly
- Completed reload, in  2.755 seconds
Domain Reload Profiling:
	ReloadAssembly (2757ms)
		BeginReloadAssembly (335ms)
			ExecutionOrderSort (0ms)
			DisableScriptedObjects (16ms)
			BackupInstance (0ms)
			ReleaseScriptingObjects (0ms)
			CreateAndSetChildDomain (95ms)
		EndReloadAssembly (2222ms)
			LoadAssemblies (297ms)
			RebuildTransferFunctionScriptingTraits (0ms)
			SetupTypeCache (757ms)
			ReleaseScriptCaches (1ms)
			RebuildScriptCaches (124ms)
			SetupLoadedEditorAssemblies (767ms)
				LogAssemblyErrors (0ms)
				InitializePlatformSupportModulesInManaged (10ms)
				SetLoadedEditorAssemblies (1ms)
				RefreshPlugins (1ms)
				BeforeProcessingInitializeOnLoad (139ms)
				ProcessInitializeOnLoadAttributes (570ms)
				ProcessInitializeOnLoadMethodAttributes (30ms)
				AfterProcessingInitializeOnLoad (16ms)
				EditorAssembliesLoaded (0ms)
			ExecutionOrderSort2 (0ms)
			AwakeInstancesAfterBackupRestoration (17ms)
Platform modules already initialized, skipping
Refreshing native plugins compatible for Editor in 0.76 ms, found 2 plugins.
Preloading 0 native plugins for Editor in 0.00 ms.
Unloading 1504 Unused Serialized files (Serialized files now loaded: 0)
System memory in use before: 72.4 MB.
System memory in use after: 72.5 MB.

Unloading 11 unused Assets to reduce memory usage. Loaded Objects now: 1981.
Total: 8.224700 ms (FindLiveObjects: 0.484600 ms CreateObjectMapping: 0.221000 ms MarkObjects: 7.468300 ms  DeleteObjects: 0.048000 ms)

AssetImportParameters requested are different than current active one (requested -> active):
  custom:framework-win-MediaFoundation: 216162199b28c13a410421893ffa2e32 -> 
  custom:video-decoder-ogg-theora: a1e56fd34408186e4bbccfd4996cb3dc -> 
  custom:container-muxer-webm: aa71ff27fc2769a1b78a27578f13a17b -> 
  custom:container-demuxer-webm: 4f35f7cbe854078d1ac9338744f61a02 -> 
  custom:container-demuxer-ogg: 62fdf1f143b41e24485cea50d1cbac27 -> 
  custom:video-encoder-webm-vp8: eb34c28f22e8b96e1ab97ce403110664 -> 
  custom:video-decoder-webm-vp8: 9c59270c3fd7afecdb556c50c9e8de78 -> 
  custom:audio-decoder-ogg-vorbis: bf7c407c2cedff20999df2af8eb42d56 -> 
  custom:audio-encoder-webm-vorbis: bf7c407c2cedff20999df2af8eb42d56 -> 
AssetImportWorkerClient::OnTransportError - code=2 error=End of file
